<?xml version="1.0" encoding="UTF-8"?>
<testng-results ignored="0" total="1" passed="1" failed="0" skipped="0">
  <reporter-output>
  </reporter-output>
  <suite started-at="2021-05-06T14:40:27 IST" name="Default suite" finished-at="2021-05-06T14:40:59 IST" duration-ms="31944">
    <groups>
    </groups>
    <test started-at="2021-05-06T14:40:27 IST" name="Default test" finished-at="2021-05-06T14:40:59 IST" duration-ms="31944">
      <class name="com.crm.vtiget.contact.TC_45_oppertunityWithSearchNotContainsTest">
        <test-method is-config="true" signature="configBS()[pri:0, instance:com.crm.vtiget.contact.TC_45_oppertunityWithSearchNotContainsTest@48e4374]" started-at="2021-05-06T14:40:27 IST" name="configBS" finished-at="2021-05-06T14:40:27 IST" duration-ms="26" status="PASS">
          <reporter-output>
          </reporter-output>
        </test-method> <!-- configBS -->
        <test-method is-config="true" signature="configBT()[pri:0, instance:com.crm.vtiget.contact.TC_45_oppertunityWithSearchNotContainsTest@48e4374]" started-at="2021-05-06T14:40:27 IST" name="configBT" finished-at="2021-05-06T14:40:27 IST" duration-ms="1" status="PASS">
          <reporter-output>
          </reporter-output>
        </test-method> <!-- configBT -->
        <test-method is-config="true" signature="configBC()[pri:0, instance:com.crm.vtiget.contact.TC_45_oppertunityWithSearchNotContainsTest@48e4374]" started-at="2021-05-06T14:40:27 IST" name="configBC" finished-at="2021-05-06T14:40:31 IST" duration-ms="4609" status="PASS">
          <reporter-output>
          </reporter-output>
        </test-method> <!-- configBC -->
        <test-method is-config="true" signature="setUp()[pri:0, instance:com.crm.vtiget.contact.TC_45_oppertunityWithSearchNotContainsTest@48e4374]" started-at="2021-05-06T14:40:32 IST" name="setUp" finished-at="2021-05-06T14:40:36 IST" duration-ms="4136" status="PASS">
          <reporter-output>
          </reporter-output>
        </test-method> <!-- setUp -->
        <test-method signature="CreatingContact()[pri:0, instance:com.crm.vtiget.contact.TC_45_oppertunityWithSearchNotContainsTest@48e4374]" started-at="2021-05-06T14:40:36 IST" name="CreatingContact" finished-at="2021-05-06T14:40:57 IST" duration-ms="20884" status="PASS">
          <reporter-output>
          </reporter-output>
        </test-method> <!-- CreatingContact -->
        <test-method is-config="true" signature="tearDown()[pri:0, instance:com.crm.vtiget.contact.TC_45_oppertunityWithSearchNotContainsTest@48e4374]" started-at="2021-05-06T14:40:57 IST" name="tearDown" finished-at="2021-05-06T14:40:58 IST" duration-ms="1941" status="PASS">
          <reporter-output>
          </reporter-output>
        </test-method> <!-- tearDown -->
        <test-method is-config="true" signature="configAC()[pri:0, instance:com.crm.vtiget.contact.TC_45_oppertunityWithSearchNotContainsTest@48e4374]" started-at="2021-05-06T14:40:58 IST" name="configAC" finished-at="2021-05-06T14:40:59 IST" duration-ms="308" status="PASS">
          <reporter-output>
          </reporter-output>
        </test-method> <!-- configAC -->
        <test-method is-config="true" signature="configAT()[pri:0, instance:com.crm.vtiget.contact.TC_45_oppertunityWithSearchNotContainsTest@48e4374]" started-at="2021-05-06T14:40:59 IST" name="configAT" finished-at="2021-05-06T14:40:59 IST" duration-ms="1" status="PASS">
          <reporter-output>
          </reporter-output>
        </test-method> <!-- configAT -->
        <test-method is-config="true" signature="configAS()[pri:0, instance:com.crm.vtiget.contact.TC_45_oppertunityWithSearchNotContainsTest@48e4374]" started-at="2021-05-06T14:40:59 IST" name="configAS" finished-at="2021-05-06T14:40:59 IST" duration-ms="0" status="PASS">
          <reporter-output>
          </reporter-output>
        </test-method> <!-- configAS -->
      </class> <!-- com.crm.vtiget.contact.TC_45_oppertunityWithSearchNotContainsTest -->
    </test> <!-- Default test -->
  </suite> <!-- Default suite -->
</testng-results>
