<?xml version="1.0" encoding="UTF-8"?>
<!-- Generated by org.testng.reporters.JUnitXMLReporter -->
<testsuite ignored="8" hostname="DESKTOP-IS455QI" failures="0" tests="8" name="Test" time="1792.773" errors="0" timestamp="2021-05-04T11:55:57 IST">
  <testcase classname="com.camcastcrm.OppertunityTest.CreateContact" name="CreatingContact" time="202.814"/>
  <testcase classname="com.camcastcrm.OppertunityTest.CreateOppertunitywithContacts" name="Contact" time="162.047"/>
  <testcase classname="com.camcastcrm.OppertunityTest.CreateOppertunitywithContacts" name="CreateOppertunity" time="209.348"/>
  <testcase classname="com.camcastcrm.OppertunityTest.SearchOppertunityTest" name="Contact" time="201.627"/>
  <testcase classname="com.camcastcrm.OppertunityTest.SearchOppertunityTest" name="CreateOppertunity" time="202.036"/>
  <testcase classname="com.camcastcrm.OppertunityTest.SearchOppertunityTest" name="SearchOppertunitywithNotequal" time="81.23"/>
  <testcase classname="com.camcastcrm.OppertunityTest.SearchOppertunityTest" name="SearchOppertunitywithStartsWith" time="87.182"/>
  <testcase classname="com.camcastcrm.OppertunityTest.SearchOppertunityTest" name="SearchOppertunitywithequals" time="87.105"/>
  <testcase classname="com.crm.vtiger.GenericUtilities.baseclass" name="@BeforeTest configBT" time="0.0">
    <ignored/>
  </testcase> <!-- @BeforeTest configBT -->
  <testcase classname="com.crm.vtiger.GenericUtilities.baseclass" name="@BeforeTest configBT" time="0.0">
    <ignored/>
  </testcase> <!-- @BeforeTest configBT -->
  <testcase classname="com.crm.vtiger.GenericUtilities.baseclass" name="@AfterSuite configAS" time="0.0">
    <ignored/>
  </testcase> <!-- @AfterSuite configAS -->
  <testcase classname="com.crm.vtiger.GenericUtilities.baseclass" name="@AfterSuite configAS" time="0.0">
    <ignored/>
  </testcase> <!-- @AfterSuite configAS -->
  <testcase classname="com.crm.vtiger.GenericUtilities.baseclass" name="@AfterTest configAT" time="0.0">
    <ignored/>
  </testcase> <!-- @AfterTest configAT -->
  <testcase classname="com.crm.vtiger.GenericUtilities.baseclass" name="@AfterTest configAT" time="0.0">
    <ignored/>
  </testcase> <!-- @AfterTest configAT -->
  <testcase classname="com.crm.vtiger.GenericUtilities.baseclass" name="@BeforeSuite configBS" time="0.0">
    <ignored/>
  </testcase> <!-- @BeforeSuite configBS -->
  <testcase classname="com.crm.vtiger.GenericUtilities.baseclass" name="@BeforeSuite configBS" time="0.0">
    <ignored/>
  </testcase> <!-- @BeforeSuite configBS -->
</testsuite> <!-- Test -->
